Build started 2016-09-24 12:56:29.
     1>Project "C:\Users\Komputer\Documents\programowanie\SFML\sfml\sfml\sfml.vcxproj" on node 2 (Build target(s)).
     1>ClCompile:
         F:\Visual Studio 2013\VC\bin\CL.exe /c /I"C:\Users\Komputer\Downloads\SFML-2.4.0-windows-vc12-32-bit\SFML-2.4.0\include" /ZI /nologo /W3 /WX- /sdl /Od /Oy- /D _MBCS /Gm /EHsc /RTC1 /MDd /GS /fp:precise /Zc:wchar_t /Zc:forScope /Fo"Debug\\" /Fd"Debug\vc120.pdb" /Gd /TP /analyze- /errorReport:prompt Player.cpp main.cpp
         main.cpp
     1>c:\users\komputer\documents\programowanie\sfml\sfml\sfml\variables.h(5): warning C4305: 'initializing' : truncation from 'double' to 'const float'
         Generating Code...
         Compiling...
         Player.cpp
     1>c:\users\komputer\documents\programowanie\sfml\sfml\sfml\variables.h(5): warning C4305: 'initializing' : truncation from 'double' to 'const float'
     1>c:\users\komputer\documents\programowanie\sfml\sfml\sfml\player.cpp(10): warning C4244: 'argument' : conversion from 'const double' to 'float', possible loss of data
     1>c:\users\komputer\documents\programowanie\sfml\sfml\sfml\player.cpp(12): warning C4244: 'argument' : conversion from 'const double' to 'float', possible loss of data
     1>c:\users\komputer\documents\programowanie\sfml\sfml\sfml\player.cpp(27): warning C4244: 'argument' : conversion from 'double' to 'float', possible loss of data
     1>c:\users\komputer\documents\programowanie\sfml\sfml\sfml\player.cpp(34): warning C4244: 'argument' : conversion from 'double' to 'float', possible loss of data
     1>c:\users\komputer\documents\programowanie\sfml\sfml\sfml\player.cpp(41): warning C4244: 'argument' : conversion from 'double' to 'float', possible loss of data
     1>c:\users\komputer\documents\programowanie\sfml\sfml\sfml\player.cpp(48): warning C4244: 'argument' : conversion from 'double' to 'float', possible loss of data
     1>c:\users\komputer\documents\programowanie\sfml\sfml\sfml\player.cpp(69): warning C4244: 'argument' : conversion from 'double' to 'float', possible loss of data
     1>c:\users\komputer\documents\programowanie\sfml\sfml\sfml\player.cpp(79): warning C4244: 'argument' : conversion from 'double' to 'float', possible loss of data
         Generating Code...
       Link:
         F:\Visual Studio 2013\VC\bin\link.exe /ERRORREPORT:PROMPT /OUT:"C:\Users\Komputer\Documents\programowanie\SFML\sfml\Debug\sfml.exe" /INCREMENTAL /NOLOGO /LIBPATH:"C:\Users\Komputer\Downloads\SFML-2.4.0-windows-vc12-32-bit\SFML-2.4.0\lib" "sfml-graphics-d.lib" "sfml-window-d.lib" "sfml-audio-d.lib" "sfml-network-d.lib" "sfml-system-d.lib" kernel32.lib user32.lib gdi32.lib winspool.lib comdlg32.lib advapi32.lib shell32.lib ole32.lib oleaut32.lib uuid.lib odbc32.lib odbccp32.lib /MANIFEST /MANIFESTUAC:"level='asInvoker' uiAccess='false'" /manifest:embed /DEBUG /PDB:"C:\Users\Komputer\Documents\programowanie\SFML\sfml\Debug\sfml.pdb" /TLBID:1 /DYNAMICBASE /NXCOMPAT /IMPLIB:"C:\Users\Komputer\Documents\programowanie\SFML\sfml\Debug\sfml.lib" /MACHINE:X86 Debug\sfml.res
         Debug\entity.obj
         Debug\Ground.obj
         Debug\main.obj
         Debug\Player.obj
         sfml.vcxproj -> C:\Users\Komputer\Documents\programowanie\SFML\sfml\Debug\sfml.exe
     1>Done Building Project "C:\Users\Komputer\Documents\programowanie\SFML\sfml\sfml\sfml.vcxproj" (Build target(s)).

Build succeeded.

Time Elapsed 00:00:01.17
